<html>
<head>
<title>TestNG:  example.testng.BankAccountTest</title>
<link href="../testng.css" rel="stylesheet" type="text/css" />
<link href="../my-testng.css" rel="stylesheet" type="text/css" />

<style type="text/css">
.log { display: none;} 
.stack-trace { display: none;} 
</style>
<script type="text/javascript">
<!--
function flip(e) {
  current = e.style.display;
  if (current == 'block') {
    e.style.display = 'none';
    return 0;
  }
  else {
    e.style.display = 'block';
    return 1;
  }
}

function toggleBox(szDivId, elem, msg1, msg2)
{
  var res = -1;  if (document.getElementById) {
    res = flip(document.getElementById(szDivId));
  }
  else if (document.all) {
    // this is the way old msie versions work
    res = flip(document.all[szDivId]);
  }
  if(elem) {
    if(res == 0) elem.innerHTML = msg1; else elem.innerHTML = msg2;
  }

}

function toggleAllBoxes() {
  if (document.getElementsByTagName) {
    d = document.getElementsByTagName('div');
    for (i = 0; i < d.length; i++) {
      if (d[i].className == 'log') {
        flip(d[i]);
      }
    }
  }
}

// -->
</script>

</head>
<body>
<h2 align='center'>example.testng.BankAccountTest</h2><table border='1' align="center">
<tr>
<td>Tests passed/Failed/Skipped:</td><td>25/3/6</td>
</tr><tr>
<td>Started on:</td><td>Wed Jan 02 14:10:50 EST 2008</td>
</tr>
<tr><td>Total time:</td><td>0 seconds (155 ms)</td>
</tr><tr>
<td>Included groups:</td><td></td>
</tr><tr>
<td>Excluded groups:</td><td></td>
</tr>
</table><p/>
<small><i>(Hover the method name to see the test class name)</i></small><p/>
<table width='100%' border='1' class='invocation-failed'>
<tr><td colspan='3' align='center'><b>FAILED TESTS</b></td></tr>
<tr><td><b>Test method</b></td>
<td width="10%"><b>Time (seconds)</b></td>
<td width="30%"><b>Exception</b></td>
</tr>
<tr>
<td title='example.testng.BankAccountTest.withdrawExact()'>withdrawExact</td>
<td>0</td>
<td><div><pre>java.lang.AssertionError: 1.0
	at example.testng.BankAccountTest.withdrawExact(BankAccountTest.java:95)
... Removed 22 stack frames</pre></div><a href='#' onClick='toggleBox("stack-trace10140971", this, "Click to show all stack frames", "Click to hide stack frames")'>Click to show all stack frames</a>
<div class='stack-trace' id='stack-trace10140971'><pre>java.lang.AssertionError: 1.0
	at example.testng.BankAccountTest.withdrawExact(BankAccountTest.java:95)
	at sun.reflect.NativeMethodAccessorImpl.invoke0(Native Method)
	at sun.reflect.NativeMethodAccessorImpl.invoke(NativeMethodAccessorImpl.java:39)
	at sun.reflect.DelegatingMethodAccessorImpl.invoke(DelegatingMethodAccessorImpl.java:25)
	at java.lang.reflect.Method.invoke(Method.java:585)
	at org.testng.internal.MethodHelper.invokeMethod(MethodHelper.java:580)
	at org.testng.internal.Invoker.invokeMethod(Invoker.java:478)
	at org.testng.internal.Invoker.invokeTestMethod(Invoker.java:607)
	at org.testng.internal.Invoker.invokeTestMethods(Invoker.java:874)
	at org.testng.internal.TestMethodWorker.invokeTestMethods(TestMethodWorker.java:125)
	at org.testng.internal.TestMethodWorker.run(TestMethodWorker.java:109)
	at org.testng.TestRunner.runWorkers(TestRunner.java:689)
	at org.testng.TestRunner.privateRun(TestRunner.java:566)
	at org.testng.TestRunner.run(TestRunner.java:466)
	at org.testng.SuiteRunner.runTest(SuiteRunner.java:301)
	at org.testng.SuiteRunner.runSequentially(SuiteRunner.java:296)
	at org.testng.SuiteRunner.privateRun(SuiteRunner.java:276)
	at org.testng.SuiteRunner.run(SuiteRunner.java:191)
	at org.testng.TestNG.createAndRunSuiteRunners(TestNG.java:808)
	at org.testng.TestNG.runSuitesLocally(TestNG.java:776)
	at org.testng.TestNG.run(TestNG.java:701)
	at org.testng.remote.RemoteTestNG.run(RemoteTestNG.java:73)
	at org.testng.remote.RemoteTestNG.main(RemoteTestNG.java:124)
</pre></div></td>
</tr>
<tr>
<td title='example.testng.BankAccountTest.withdrawLessThanAvailable()'>withdrawLessThanAvailable</td>
<td>0</td>
<td><div><pre>java.lang.AssertionError: 76.0
	at example.testng.BankAccountTest.withdrawLessThanAvailable(BankAccountTest.java:82)
... Removed 22 stack frames</pre></div><a href='#' onClick='toggleBox("stack-trace9518529", this, "Click to show all stack frames", "Click to hide stack frames")'>Click to show all stack frames</a>
<div class='stack-trace' id='stack-trace9518529'><pre>java.lang.AssertionError: 76.0
	at example.testng.BankAccountTest.withdrawLessThanAvailable(BankAccountTest.java:82)
	at sun.reflect.NativeMethodAccessorImpl.invoke0(Native Method)
	at sun.reflect.NativeMethodAccessorImpl.invoke(NativeMethodAccessorImpl.java:39)
	at sun.reflect.DelegatingMethodAccessorImpl.invoke(DelegatingMethodAccessorImpl.java:25)
	at java.lang.reflect.Method.invoke(Method.java:585)
	at org.testng.internal.MethodHelper.invokeMethod(MethodHelper.java:580)
	at org.testng.internal.Invoker.invokeMethod(Invoker.java:478)
	at org.testng.internal.Invoker.invokeTestMethod(Invoker.java:607)
	at org.testng.internal.Invoker.invokeTestMethods(Invoker.java:874)
	at org.testng.internal.TestMethodWorker.invokeTestMethods(TestMethodWorker.java:125)
	at org.testng.internal.TestMethodWorker.run(TestMethodWorker.java:109)
	at org.testng.TestRunner.runWorkers(TestRunner.java:689)
	at org.testng.TestRunner.privateRun(TestRunner.java:566)
	at org.testng.TestRunner.run(TestRunner.java:466)
	at org.testng.SuiteRunner.runTest(SuiteRunner.java:301)
	at org.testng.SuiteRunner.runSequentially(SuiteRunner.java:296)
	at org.testng.SuiteRunner.privateRun(SuiteRunner.java:276)
	at org.testng.SuiteRunner.run(SuiteRunner.java:191)
	at org.testng.TestNG.createAndRunSuiteRunners(TestNG.java:808)
	at org.testng.TestNG.runSuitesLocally(TestNG.java:776)
	at org.testng.TestNG.run(TestNG.java:701)
	at org.testng.remote.RemoteTestNG.run(RemoteTestNG.java:73)
	at org.testng.remote.RemoteTestNG.main(RemoteTestNG.java:124)
</pre></div></td>
</tr>
<tr>
<td title='example.testng.BankAccountTest.withdrawZero()'>withdrawZero</td>
<td>0</td>
<td><div><pre>java.lang.AssertionError: 101.0
	at example.testng.BankAccountTest.withdrawZero(BankAccountTest.java:75)
... Removed 22 stack frames</pre></div><a href='#' onClick='toggleBox("stack-trace11446032", this, "Click to show all stack frames", "Click to hide stack frames")'>Click to show all stack frames</a>
<div class='stack-trace' id='stack-trace11446032'><pre>java.lang.AssertionError: 101.0
	at example.testng.BankAccountTest.withdrawZero(BankAccountTest.java:75)
	at sun.reflect.NativeMethodAccessorImpl.invoke0(Native Method)
	at sun.reflect.NativeMethodAccessorImpl.invoke(NativeMethodAccessorImpl.java:39)
	at sun.reflect.DelegatingMethodAccessorImpl.invoke(DelegatingMethodAccessorImpl.java:25)
	at java.lang.reflect.Method.invoke(Method.java:585)
	at org.testng.internal.MethodHelper.invokeMethod(MethodHelper.java:580)
	at org.testng.internal.Invoker.invokeMethod(Invoker.java:478)
	at org.testng.internal.Invoker.invokeTestMethod(Invoker.java:607)
	at org.testng.internal.Invoker.invokeTestMethods(Invoker.java:874)
	at org.testng.internal.TestMethodWorker.invokeTestMethods(TestMethodWorker.java:125)
	at org.testng.internal.TestMethodWorker.run(TestMethodWorker.java:109)
	at org.testng.TestRunner.runWorkers(TestRunner.java:689)
	at org.testng.TestRunner.privateRun(TestRunner.java:566)
	at org.testng.TestRunner.run(TestRunner.java:466)
	at org.testng.SuiteRunner.runTest(SuiteRunner.java:301)
	at org.testng.SuiteRunner.runSequentially(SuiteRunner.java:296)
	at org.testng.SuiteRunner.privateRun(SuiteRunner.java:276)
	at org.testng.SuiteRunner.run(SuiteRunner.java:191)
	at org.testng.TestNG.createAndRunSuiteRunners(TestNG.java:808)
	at org.testng.TestNG.runSuitesLocally(TestNG.java:776)
	at org.testng.TestNG.run(TestNG.java:701)
	at org.testng.remote.RemoteTestNG.run(RemoteTestNG.java:73)
	at org.testng.remote.RemoteTestNG.main(RemoteTestNG.java:124)
</pre></div></td>
</tr>
</table><p>
<table width='100%' border='1' class='invocation-passed'>
<tr><td colspan='3' align='center'><b>PASSED TESTS</b></td></tr>
<tr><td><b>Test method</b></td>
<td width="10%"><b>Time (seconds)</b></td>
<td width="30%"><b>Exception</b></td>
</tr>
<tr>
<td title='example.testng.BankAccountTest.compareToGreaterBalance()'>compareToGreaterBalance</td>
<td>0</td>
<td></td>
</tr>
<tr>
<td title='example.testng.BankAccountTest.compareToGreaterName()'>compareToGreaterName</td>
<td>0</td>
<td></td>
</tr>
<tr>
<td title='example.testng.BankAccountTest.compareToSame()'>compareToSame</td>
<td>0</td>
<td></td>
</tr>
<tr>
<td title='example.testng.BankAccountTest.compareToSmallerBalance()'>compareToSmallerBalance</td>
<td>0</td>
<td></td>
</tr>
<tr>
<td title='example.testng.BankAccountTest.compareToSmallerName()'>compareToSmallerName</td>
<td>0</td>
<td></td>
</tr>
<tr>
<td title='example.testng.BankAccountTest.constructorWithBlankName()'>constructorWithBlankName</td>
<td>0</td>
<td><div><pre>java.lang.IllegalArgumentException: Bank account name cannot be blank
	at example.testng.BankAccount.&lt;init&gt;(BankAccount.java:26)
	at example.testng.BankAccountTest.constructorWithBlankName(BankAccountTest.java:15)
... Removed 22 stack frames</pre></div><a href='#' onClick='toggleBox("stack-trace14856114", this, "Click to show all stack frames", "Click to hide stack frames")'>Click to show all stack frames</a>
<div class='stack-trace' id='stack-trace14856114'><pre>java.lang.IllegalArgumentException: Bank account name cannot be blank
	at example.testng.BankAccount.&lt;init&gt;(BankAccount.java:26)
	at example.testng.BankAccountTest.constructorWithBlankName(BankAccountTest.java:15)
	at sun.reflect.NativeMethodAccessorImpl.invoke0(Native Method)
	at sun.reflect.NativeMethodAccessorImpl.invoke(NativeMethodAccessorImpl.java:39)
	at sun.reflect.DelegatingMethodAccessorImpl.invoke(DelegatingMethodAccessorImpl.java:25)
	at java.lang.reflect.Method.invoke(Method.java:585)
	at org.testng.internal.MethodHelper.invokeMethod(MethodHelper.java:580)
	at org.testng.internal.Invoker.invokeMethod(Invoker.java:478)
	at org.testng.internal.Invoker.invokeTestMethod(Invoker.java:607)
	at org.testng.internal.Invoker.invokeTestMethods(Invoker.java:874)
	at org.testng.internal.TestMethodWorker.invokeTestMethods(TestMethodWorker.java:125)
	at org.testng.internal.TestMethodWorker.run(TestMethodWorker.java:109)
	at org.testng.TestRunner.runWorkers(TestRunner.java:689)
	at org.testng.TestRunner.privateRun(TestRunner.java:566)
	at org.testng.TestRunner.run(TestRunner.java:466)
	at org.testng.SuiteRunner.runTest(SuiteRunner.java:301)
	at org.testng.SuiteRunner.runSequentially(SuiteRunner.java:296)
	at org.testng.SuiteRunner.privateRun(SuiteRunner.java:276)
	at org.testng.SuiteRunner.run(SuiteRunner.java:191)
	at org.testng.TestNG.createAndRunSuiteRunners(TestNG.java:808)
	at org.testng.TestNG.runSuitesLocally(TestNG.java:776)
	at org.testng.TestNG.run(TestNG.java:701)
	at org.testng.remote.RemoteTestNG.run(RemoteTestNG.java:73)
	at org.testng.remote.RemoteTestNG.main(RemoteTestNG.java:124)
</pre></div></td>
</tr>
<tr>
<td title='example.testng.BankAccountTest.constructorWithNegativeBalance()'>constructorWithNegativeBalance</td>
<td>0</td>
<td><div><pre>java.lang.IllegalArgumentException: Amount -50.0 must not be negative
	at example.testng.BankAccount.deposit(BankAccount.java:63)
	at example.testng.BankAccount.&lt;init&gt;(BankAccount.java:43)
	at example.testng.BankAccountTest.constructorWithNegativeBalance(BankAccountTest.java:21)
... Removed 22 stack frames</pre></div><a href='#' onClick='toggleBox("stack-trace11193695", this, "Click to show all stack frames", "Click to hide stack frames")'>Click to show all stack frames</a>
<div class='stack-trace' id='stack-trace11193695'><pre>java.lang.IllegalArgumentException: Amount -50.0 must not be negative
	at example.testng.BankAccount.deposit(BankAccount.java:63)
	at example.testng.BankAccount.&lt;init&gt;(BankAccount.java:43)
	at example.testng.BankAccountTest.constructorWithNegativeBalance(BankAccountTest.java:21)
	at sun.reflect.NativeMethodAccessorImpl.invoke0(Native Method)
	at sun.reflect.NativeMethodAccessorImpl.invoke(NativeMethodAccessorImpl.java:39)
	at sun.reflect.DelegatingMethodAccessorImpl.invoke(DelegatingMethodAccessorImpl.java:25)
	at java.lang.reflect.Method.invoke(Method.java:585)
	at org.testng.internal.MethodHelper.invokeMethod(MethodHelper.java:580)
	at org.testng.internal.Invoker.invokeMethod(Invoker.java:478)
	at org.testng.internal.Invoker.invokeTestMethod(Invoker.java:607)
	at org.testng.internal.Invoker.invokeTestMethods(Invoker.java:874)
	at org.testng.internal.TestMethodWorker.invokeTestMethods(TestMethodWorker.java:125)
	at org.testng.internal.TestMethodWorker.run(TestMethodWorker.java:109)
	at org.testng.TestRunner.runWorkers(TestRunner.java:689)
	at org.testng.TestRunner.privateRun(TestRunner.java:566)
	at org.testng.TestRunner.run(TestRunner.java:466)
	at org.testng.SuiteRunner.runTest(SuiteRunner.java:301)
	at org.testng.SuiteRunner.runSequentially(SuiteRunner.java:296)
	at org.testng.SuiteRunner.privateRun(SuiteRunner.java:276)
	at org.testng.SuiteRunner.run(SuiteRunner.java:191)
	at org.testng.TestNG.createAndRunSuiteRunners(TestNG.java:808)
	at org.testng.TestNG.runSuitesLocally(TestNG.java:776)
	at org.testng.TestNG.run(TestNG.java:701)
	at org.testng.remote.RemoteTestNG.run(RemoteTestNG.java:73)
	at org.testng.remote.RemoteTestNG.main(RemoteTestNG.java:124)
</pre></div></td>
</tr>
<tr>
<td title='example.testng.BankAccountTest.constructorWithNoBalance()'>constructorWithNoBalance</td>
<td>0</td>
<td></td>
</tr>
<tr>
<td title='example.testng.BankAccountTest.constructorWithNullName()'>constructorWithNullName</td>
<td>0</td>
<td><div><pre>java.lang.NullPointerException: Bank account name cannot be null
	at example.testng.BankAccount.&lt;init&gt;(BankAccount.java:24)
	at example.testng.BankAccountTest.constructorWithNullName(BankAccountTest.java:9)
... Removed 22 stack frames</pre></div><a href='#' onClick='toggleBox("stack-trace13926634", this, "Click to show all stack frames", "Click to hide stack frames")'>Click to show all stack frames</a>
<div class='stack-trace' id='stack-trace13926634'><pre>java.lang.NullPointerException: Bank account name cannot be null
	at example.testng.BankAccount.&lt;init&gt;(BankAccount.java:24)
	at example.testng.BankAccountTest.constructorWithNullName(BankAccountTest.java:9)
	at sun.reflect.NativeMethodAccessorImpl.invoke0(Native Method)
	at sun.reflect.NativeMethodAccessorImpl.invoke(NativeMethodAccessorImpl.java:39)
	at sun.reflect.DelegatingMethodAccessorImpl.invoke(DelegatingMethodAccessorImpl.java:25)
	at java.lang.reflect.Method.invoke(Method.java:585)
	at org.testng.internal.MethodHelper.invokeMethod(MethodHelper.java:580)
	at org.testng.internal.Invoker.invokeMethod(Invoker.java:478)
	at org.testng.internal.Invoker.invokeTestMethod(Invoker.java:607)
	at org.testng.internal.Invoker.invokeTestMethods(Invoker.java:874)
	at org.testng.internal.TestMethodWorker.invokeTestMethods(TestMethodWorker.java:125)
	at org.testng.internal.TestMethodWorker.run(TestMethodWorker.java:109)
	at org.testng.TestRunner.runWorkers(TestRunner.java:689)
	at org.testng.TestRunner.privateRun(TestRunner.java:566)
	at org.testng.TestRunner.run(TestRunner.java:466)
	at org.testng.SuiteRunner.runTest(SuiteRunner.java:301)
	at org.testng.SuiteRunner.runSequentially(SuiteRunner.java:296)
	at org.testng.SuiteRunner.privateRun(SuiteRunner.java:276)
	at org.testng.SuiteRunner.run(SuiteRunner.java:191)
	at org.testng.TestNG.createAndRunSuiteRunners(TestNG.java:808)
	at org.testng.TestNG.runSuitesLocally(TestNG.java:776)
	at org.testng.TestNG.run(TestNG.java:701)
	at org.testng.remote.RemoteTestNG.run(RemoteTestNG.java:73)
	at org.testng.remote.RemoteTestNG.main(RemoteTestNG.java:124)
</pre></div></td>
</tr>
<tr>
<td title='example.testng.BankAccountTest.constructorWithPositiveBalance()'>constructorWithPositiveBalance</td>
<td>0</td>
<td></td>
</tr>
<tr>
<td title='example.testng.BankAccountTest.constructorWithZeroBalance()'>constructorWithZeroBalance</td>
<td>0</td>
<td></td>
</tr>
<tr>
<td title='example.testng.BankAccountTest.depositNegative()'>depositNegative</td>
<td>0</td>
<td><div><pre>java.lang.IllegalArgumentException: Amount -50.0 must not be negative
	at example.testng.BankAccount.deposit(BankAccount.java:63)
	at example.testng.BankAccountTest.depositNegative(BankAccountTest.java:48)
... Removed 22 stack frames</pre></div><a href='#' onClick='toggleBox("stack-trace7176598", this, "Click to show all stack frames", "Click to hide stack frames")'>Click to show all stack frames</a>
<div class='stack-trace' id='stack-trace7176598'><pre>java.lang.IllegalArgumentException: Amount -50.0 must not be negative
	at example.testng.BankAccount.deposit(BankAccount.java:63)
	at example.testng.BankAccountTest.depositNegative(BankAccountTest.java:48)
	at sun.reflect.NativeMethodAccessorImpl.invoke0(Native Method)
	at sun.reflect.NativeMethodAccessorImpl.invoke(NativeMethodAccessorImpl.java:39)
	at sun.reflect.DelegatingMethodAccessorImpl.invoke(DelegatingMethodAccessorImpl.java:25)
	at java.lang.reflect.Method.invoke(Method.java:585)
	at org.testng.internal.MethodHelper.invokeMethod(MethodHelper.java:580)
	at org.testng.internal.Invoker.invokeMethod(Invoker.java:478)
	at org.testng.internal.Invoker.invokeTestMethod(Invoker.java:607)
	at org.testng.internal.Invoker.invokeTestMethods(Invoker.java:874)
	at org.testng.internal.TestMethodWorker.invokeTestMethods(TestMethodWorker.java:125)
	at org.testng.internal.TestMethodWorker.run(TestMethodWorker.java:109)
	at org.testng.TestRunner.runWorkers(TestRunner.java:689)
	at org.testng.TestRunner.privateRun(TestRunner.java:566)
	at org.testng.TestRunner.run(TestRunner.java:466)
	at org.testng.SuiteRunner.runTest(SuiteRunner.java:301)
	at org.testng.SuiteRunner.runSequentially(SuiteRunner.java:296)
	at org.testng.SuiteRunner.privateRun(SuiteRunner.java:276)
	at org.testng.SuiteRunner.run(SuiteRunner.java:191)
	at org.testng.TestNG.createAndRunSuiteRunners(TestNG.java:808)
	at org.testng.TestNG.runSuitesLocally(TestNG.java:776)
	at org.testng.TestNG.run(TestNG.java:701)
	at org.testng.remote.RemoteTestNG.run(RemoteTestNG.java:73)
	at org.testng.remote.RemoteTestNG.main(RemoteTestNG.java:124)
</pre></div></td>
</tr>
<tr>
<td title='example.testng.BankAccountTest.depositPositive()'>depositPositive</td>
<td>0</td>
<td></td>
</tr>
<tr>
<td title='example.testng.BankAccountTest.depositZero()'>depositZero</td>
<td>0</td>
<td></td>
</tr>
<tr>
<td title='example.testng.BankAccountTest.equalsReflexive()'>equalsReflexive</td>
<td>0</td>
<td></td>
</tr>
<tr>
<td title='example.testng.BankAccountTest.equalsSymmeticAndConsistent()'>equalsSymmeticAndConsistent</td>
<td>0</td>
<td></td>
</tr>
<tr>
<td title='example.testng.BankAccountTest.equalsWithDifferentBalances()'>equalsWithDifferentBalances</td>
<td>0</td>
<td></td>
</tr>
<tr>
<td title='example.testng.BankAccountTest.equalsWithDifferentNames()'>equalsWithDifferentNames</td>
<td>0</td>
<td></td>
</tr>
<tr>
<td title='example.testng.BankAccountTest.equalsWithDifferentNamesAndBalances()'>equalsWithDifferentNamesAndBalances</td>
<td>0</td>
<td></td>
</tr>
<tr>
<td title='example.testng.BankAccountTest.equalsWithNull()'>equalsWithNull</td>
<td>0</td>
<td></td>
</tr>
<tr>
<td title='example.testng.BankAccountTest.hashCodeWithDifferentBalances()'>hashCodeWithDifferentBalances</td>
<td>0</td>
<td></td>
</tr>
<tr>
<td title='example.testng.BankAccountTest.hashCodeWithDifferentNames()'>hashCodeWithDifferentNames</td>
<td>0</td>
<td></td>
</tr>
<tr>
<td title='example.testng.BankAccountTest.hashCodeWithDifferentNamesAndBalances()'>hashCodeWithDifferentNamesAndBalances</td>
<td>0</td>
<td></td>
</tr>
<tr>
<td title='example.testng.BankAccountTest.withdrawMoreThanAvailable()'>withdrawMoreThanAvailable</td>
<td>0</td>
<td><div><pre>example.testng.InsufficientBalanceException: Available $100.0 but required $150.0
	at example.testng.BankAccount.withdraw(BankAccount.java:83)
	at example.testng.BankAccountTest.withdrawMoreThanAvailable(BankAccountTest.java:88)
... Removed 22 stack frames</pre></div><a href='#' onClick='toggleBox("stack-trace5910186", this, "Click to show all stack frames", "Click to hide stack frames")'>Click to show all stack frames</a>
<div class='stack-trace' id='stack-trace5910186'><pre>example.testng.InsufficientBalanceException: Available $100.0 but required $150.0
	at example.testng.BankAccount.withdraw(BankAccount.java:83)
	at example.testng.BankAccountTest.withdrawMoreThanAvailable(BankAccountTest.java:88)
	at sun.reflect.NativeMethodAccessorImpl.invoke0(Native Method)
	at sun.reflect.NativeMethodAccessorImpl.invoke(NativeMethodAccessorImpl.java:39)
	at sun.reflect.DelegatingMethodAccessorImpl.invoke(DelegatingMethodAccessorImpl.java:25)
	at java.lang.reflect.Method.invoke(Method.java:585)
	at org.testng.internal.MethodHelper.invokeMethod(MethodHelper.java:580)
	at org.testng.internal.Invoker.invokeMethod(Invoker.java:478)
	at org.testng.internal.Invoker.invokeTestMethod(Invoker.java:607)
	at org.testng.internal.Invoker.invokeTestMethods(Invoker.java:874)
	at org.testng.internal.TestMethodWorker.invokeTestMethods(TestMethodWorker.java:125)
	at org.testng.internal.TestMethodWorker.run(TestMethodWorker.java:109)
	at org.testng.TestRunner.runWorkers(TestRunner.java:689)
	at org.testng.TestRunner.privateRun(TestRunner.java:566)
	at org.testng.TestRunner.run(TestRunner.java:466)
	at org.testng.SuiteRunner.runTest(SuiteRunner.java:301)
	at org.testng.SuiteRunner.runSequentially(SuiteRunner.java:296)
	at org.testng.SuiteRunner.privateRun(SuiteRunner.java:276)
	at org.testng.SuiteRunner.run(SuiteRunner.java:191)
	at org.testng.TestNG.createAndRunSuiteRunners(TestNG.java:808)
	at org.testng.TestNG.runSuitesLocally(TestNG.java:776)
	at org.testng.TestNG.run(TestNG.java:701)
	at org.testng.remote.RemoteTestNG.run(RemoteTestNG.java:73)
	at org.testng.remote.RemoteTestNG.main(RemoteTestNG.java:124)
</pre></div></td>
</tr>
<tr>
<td title='example.testng.BankAccountTest.withdrawNegative()'>withdrawNegative</td>
<td>0</td>
<td><div><pre>java.lang.IllegalArgumentException: Amount -50.0 must not be negative
	at example.testng.BankAccount.withdraw(BankAccount.java:80)
	at example.testng.BankAccountTest.withdrawNegative(BankAccountTest.java:68)
... Removed 22 stack frames</pre></div><a href='#' onClick='toggleBox("stack-trace11382417", this, "Click to show all stack frames", "Click to hide stack frames")'>Click to show all stack frames</a>
<div class='stack-trace' id='stack-trace11382417'><pre>java.lang.IllegalArgumentException: Amount -50.0 must not be negative
	at example.testng.BankAccount.withdraw(BankAccount.java:80)
	at example.testng.BankAccountTest.withdrawNegative(BankAccountTest.java:68)
	at sun.reflect.NativeMethodAccessorImpl.invoke0(Native Method)
	at sun.reflect.NativeMethodAccessorImpl.invoke(NativeMethodAccessorImpl.java:39)
	at sun.reflect.DelegatingMethodAccessorImpl.invoke(DelegatingMethodAccessorImpl.java:25)
	at java.lang.reflect.Method.invoke(Method.java:585)
	at org.testng.internal.MethodHelper.invokeMethod(MethodHelper.java:580)
	at org.testng.internal.Invoker.invokeMethod(Invoker.java:478)
	at org.testng.internal.Invoker.invokeTestMethod(Invoker.java:607)
	at org.testng.internal.Invoker.invokeTestMethods(Invoker.java:874)
	at org.testng.internal.TestMethodWorker.invokeTestMethods(TestMethodWorker.java:125)
	at org.testng.internal.TestMethodWorker.run(TestMethodWorker.java:109)
	at org.testng.TestRunner.runWorkers(TestRunner.java:689)
	at org.testng.TestRunner.privateRun(TestRunner.java:566)
	at org.testng.TestRunner.run(TestRunner.java:466)
	at org.testng.SuiteRunner.runTest(SuiteRunner.java:301)
	at org.testng.SuiteRunner.runSequentially(SuiteRunner.java:296)
	at org.testng.SuiteRunner.privateRun(SuiteRunner.java:276)
	at org.testng.SuiteRunner.run(SuiteRunner.java:191)
	at org.testng.TestNG.createAndRunSuiteRunners(TestNG.java:808)
	at org.testng.TestNG.runSuitesLocally(TestNG.java:776)
	at org.testng.TestNG.run(TestNG.java:701)
	at org.testng.remote.RemoteTestNG.run(RemoteTestNG.java:73)
	at org.testng.remote.RemoteTestNG.main(RemoteTestNG.java:124)
</pre></div></td>
</tr>
</table><p>
<table width='100%' border='1' class='invocation-skipped'>
<tr><td colspan='3' align='center'><b>SKIPPED TESTS</b></td></tr>
<tr><td><b>Test method</b></td>
<td width="10%"><b>Time (seconds)</b></td>
<td width="30%"><b>Exception</b></td>
</tr>
<tr>
<td title='example.testng.BankAccountTest.transferExact()'>transferExact</td>
<td>0</td>
<td></td>
</tr>
<tr>
<td title='example.testng.BankAccountTest.transferLessThanAvailable()'>transferLessThanAvailable</td>
<td>0</td>
<td></td>
</tr>
<tr>
<td title='example.testng.BankAccountTest.transferMoreThanAvailable()'>transferMoreThanAvailable</td>
<td>0</td>
<td></td>
</tr>
<tr>
<td title='example.testng.BankAccountTest.transferNegative()'>transferNegative</td>
<td>0</td>
<td></td>
</tr>
<tr>
<td title='example.testng.BankAccountTest.transferNull()'>transferNull</td>
<td>0</td>
<td></td>
</tr>
<tr>
<td title='example.testng.BankAccountTest.transferZero()'>transferZero</td>
<td>0</td>
<td></td>
</tr>
</table><p>
</body>
</html>